<?xml version="1.0" encoding="UTF-8"?>
<testng-results ignored="0" total="1" passed="1" failed="0" skipped="0">
  <reporter-output>
  </reporter-output>
  <suite started-at="2022-01-15T19:05:20 EET" name="Default suite" finished-at="2022-01-15T19:05:54 EET" duration-ms="33425">
    <groups>
    </groups>
    <test started-at="2022-01-15T19:05:20 EET" name="Default test" finished-at="2022-01-15T19:05:54 EET" duration-ms="33425">
      <class name="Application.AutomationApplication">
        <test-method is-config="true" signature="webdriverSetup()[pri:0, instance:Application.AutomationApplication@6813a331]" started-at="2022-01-15T19:05:21 EET" name="webdriverSetup" finished-at="2022-01-15T19:05:21 EET" duration-ms="586" status="PASS">
          <reporter-output>
          </reporter-output>
        </test-method> <!-- webdriverSetup -->
        <test-method signature="findingTextAndVideo()[pri:0, instance:Application.AutomationApplication@6813a331]" started-at="2022-01-15T19:05:21 EET" name="findingTextAndVideo" finished-at="2022-01-15T19:05:54 EET" duration-ms="32626" status="PASS">
          <reporter-output>
          </reporter-output>
        </test-method> <!-- findingTextAndVideo -->
      </class> <!-- Application.AutomationApplication -->
    </test> <!-- Default test -->
  </suite> <!-- Default suite -->
</testng-results>
