<?xml version="1.0" encoding="UTF-8"?>
<testng-results ignored="0" total="1" passed="1" failed="0" skipped="0">
  <reporter-output>
  </reporter-output>
  <suite started-at="2021-12-28T20:14:15 EET" name="Default suite" finished-at="2021-12-28T20:16:44 EET" duration-ms="149007">
    <groups>
    </groups>
    <test started-at="2021-12-28T20:14:15 EET" name="Default test" finished-at="2021-12-28T20:16:44 EET" duration-ms="149007">
      <class name="Application.AutomationApplication">
        <test-method is-config="true" signature="webdriverSetup()[pri:0, instance:Application.AutomationApplication@1bd81830]" started-at="2021-12-28T20:14:15 EET" name="webdriverSetup" finished-at="2021-12-28T20:14:15 EET" duration-ms="367" status="PASS">
          <reporter-output>
          </reporter-output>
        </test-method> <!-- webdriverSetup -->
        <test-method signature="emailSending()[pri:0, instance:Application.AutomationApplication@1bd81830]" started-at="2021-12-28T20:14:16 EET" name="emailSending" finished-at="2021-12-28T20:16:44 EET" duration-ms="147879" status="PASS">
          <reporter-output>
          </reporter-output>
        </test-method> <!-- emailSending -->
      </class> <!-- Application.AutomationApplication -->
    </test> <!-- Default test -->
  </suite> <!-- Default suite -->
</testng-results>
