<?xml version="1.0" encoding="UTF-8"?>
<testng-results ignored="0" total="1" passed="1" failed="0" skipped="0">
  <reporter-output>
  </reporter-output>
  <suite started-at="2021-12-28T19:26:50 EET" name="Default suite" finished-at="2021-12-28T19:29:00 EET" duration-ms="129684">
    <groups>
    </groups>
    <test started-at="2021-12-28T19:26:50 EET" name="Default test" finished-at="2021-12-28T19:29:00 EET" duration-ms="129684">
      <class name="Application.AutomationApplication">
        <test-method is-config="true" signature="webdriverSetup()[pri:0, instance:Application.AutomationApplication@64e92d61]" started-at="2021-12-28T19:26:51 EET" name="webdriverSetup" finished-at="2021-12-28T19:26:51 EET" duration-ms="178" status="PASS">
          <reporter-output>
          </reporter-output>
        </test-method> <!-- webdriverSetup -->
        <test-method signature="emailSending()[pri:0, instance:Application.AutomationApplication@64e92d61]" started-at="2021-12-28T19:26:51 EET" name="emailSending" finished-at="2021-12-28T19:29:00 EET" duration-ms="129224" status="PASS">
          <reporter-output>
          </reporter-output>
        </test-method> <!-- emailSending -->
      </class> <!-- Application.AutomationApplication -->
    </test> <!-- Default test -->
  </suite> <!-- Default suite -->
</testng-results>
